=== 关键错误日志 ===
运行时间: 2026-06-12 14:41:45
耗时:     10.0 秒
接收:     17480 字符
状态:     超时/失败
============================================================

assert failed: tlsf_free tlsf.c:630 (!block_is_free(block) && "block already marked as free")
I (135) heap_init: Initializing. RAM available for dynamic allocation:
I (141) heap_init: At 3FCAEA68 len 0003ACA8 (235 KiB): RAM
I (147) heap_init: At 3FCE9710 len 00005724 (21 KiB): RAM
I (152) heap_init: At 3FCF0000 len 00008000 (32 KiB): DRAM
I (157) heap_init: At 600FE000 len 00001FD8 (7 KiB): RTCRAM
I (162) esp_psram: Adding pool of 8192K of PSRAM memory to heap allocator
W (1239) LcdDisplay: SetChatMessage('system', 'esp32-s3-touch-lcd-1.85b/2.2.6') failed: chat_message_label_ is nullptr (SetupUI() was called but label not created)
W (2999) Display: SetStatus('配网模式') failed: status_label_ is nullptr (SetupUI() was called but label not created)
W (3009) LcdDisplay: SetEmotion('gear') failed: emoji_image_ is nullptr (SetupUI() was called but emoji image not created)
W (3019) LcdDisplay: SetChatMessage('system', '手机连接热点 Xiaozhi-3A41，浏览器访问 http://192.168.4.1') failed: chat_message_label_ is nullptr (SetupUI() was called but label not created)
assert failed: tlsf_free tlsf.c:630 (!block_is_free(block) && "block already marked as free")
I (135) heap_init: Initializing. RAM available for dynamic allocation:
I (141) heap_init: At 3FCAEA68 len 0003ACA8 (235 KiB): RAM
I (147) heap_init: At 3FCE9710 len 00005724 (21 KiB): RAM
I (152) heap_init: At 3FCF0000 len 00008000 (32 KiB): DRAM
I (157) heap_init: At 600FE000 len 00001FD8 (7 KiB): RTCRAM
I (162) esp_psram: Adding pool of 8192K of PSRAM memory to heap allocator
W (1239) LcdDisplay: SetChatMessage('system', 'esp32-s3-touch-lcd-1.85b/2.2.6') failed: chat_message_label_ is nullptr (SetupUI() was called but label not created)
W (2999) Display: SetStatus('配网模式') failed: status_label_ is nullptr (SetupUI() was called but label not created)
W (3009) LcdDisplay: SetEmotion('gear') failed: emoji_image_ is nullptr (SetupUI() was called but emoji image not created)
W (3019) LcdDisplay: SetChatMessage('system', '手机连接热点 Xiaozhi-3A41，浏览器访问 http://192.168.4.1') failed: chat_message_label_ is nullptr (SetupUI() was called but label not created)
